SF:/home/steen/Documents/Leiden/scriptie/BachelorDossier/lib/code_analyzer/analyzer.dart
FN:17,Analyzer.analyzeSingleFile
FN:30,Analyzer._checkCompilationUnit
FNDA:5,Analyzer.analyzeSingleFile
FNDA:5,Analyzer._checkCompilationUnit
FNF:2
FNH:2
DA:17,5
DA:18,10
DA:19,5
DA:21,5
DA:22,10
DA:23,5
DA:25,5
DA:30,5
DA:34,10
DA:37,5
DA:38,5
DA:39,25
DA:40,5
DA:41,5
DA:42,5
DA:45,20
DA:47,5
DA:55,10
DA:56,0
DA:58,5
DA:59,5
DA:62,10
DA:63,0
DA:65,5
DA:66,5
DA:69,10
DA:70,0
DA:72,5
DA:73,5
DA:77,10
DA:78,10
DA:79,5
DA:90,10
DA:91,0
DA:94,10
DA:95,5
DA:96,10
DA:97,8
DA:99,10
DA:100,8
DA:102,5
DA:106,2
DA:109,5
DA:110,5
DA:112,10
DA:113,15
DA:114,5
DA:115,10
DA:120,0
LF:49
LH:44
BRDA:17,0,0,5
BRDA:30,0,0,5
BRDA:34,0,0,5
BRDA:39,0,0,5
BRDA:55,0,0,0
BRDA:62,0,0,0
BRDA:69,0,0,0
BRDA:77,0,0,5
BRDA:79,0,0,1
BRDA:90,0,0,0
BRDA:94,0,0,5
BRDA:96,0,0,4
BRDA:99,0,0,4
BRDA:102,0,0,4
BRDA:105,0,0,1
BRDA:113,0,0,5
BRDA:120,0,0,0
end_of_record
SF:/home/steen/Documents/Leiden/scriptie/BachelorDossier/lib/file_generator/test_generator.dart
FN:9,TestGenerator.TestGenerator
FN:23,TestGenerator.writeTests
FN:30,CubitGenerator.CubitGenerator
FN:32,CubitGenerator.writeTests
FNF:4
FNH:0
DA:9,0
DA:10,0
DA:11,0
DA:13,0
DA:14,0
DA:19,0
DA:30,0
DA:32,0
DA:34,0
DA:36,0
DA:38,0
DA:40,0
DA:43,0
DA:44,0
DA:45,0
DA:47,0
DA:50,0
LF:17
LH:0
BRDA:9,0,0,0
BRDA:10,0,0,0
BRDA:13,0,0,0
BRDA:18,0,0,0
BRDA:30,0,0,0
BRDA:32,0,0,0
end_of_record
SF:/home/steen/Documents/Leiden/scriptie/BachelorDossier/lib/path_generator/path_generator.dart
FN:4,PathGenerator.generatePaths
FN:5,PathGenerator.generatePathsTo
FN:13,Path.Path
FNF:3
FNH:0
DA:13,0
LF:1
LH:0
BRDA:13,0,0,0
end_of_record
SF:/home/steen/Documents/Leiden/scriptie/BachelorDossier/lib/path_generator/zhang_path_generator.dart
FN:50,ZhangPathGenerator.generatePaths
FN:55,ZhangPathGenerator.generatePathsTo
FN:61,ZhangPathGenerator.dfs
FN:103,ZhangPathGenerator._satisfiable
FN:119,ZhangPathGenerator._solve
FN:132,ZhangPathGenerator._buildSolverTree
FN:190,ZhangPathGenerator._stringToAstVariable
FN:208,ZhangPathGenerator._valueToAstConstant
FN:222,ZhangPathGenerator._combineAst
FN:254,ZhangPathGenerator._modelToMap
FN:269,ZhangPathGenerator._selectTransition
FN:297,ZhangPathGenerator._isNumeric
FNF:12
FNH:0
DA:50,0
DA:52,0
DA:55,0
DA:58,0
DA:61,0
DA:62,0
DA:64,0
DA:66,0
DA:71,0
DA:75,0
DA:80,0
DA:81,0
DA:83,0
DA:84,0
DA:86,0
DA:89,0
DA:92,0
DA:94,0
DA:98,0
DA:103,0
DA:107,0
DA:108,0
DA:109,0
DA:110,0
DA:112,0
DA:114,0
DA:115,0
DA:116,0
DA:119,0
DA:121,0
DA:122,0
DA:123,0
DA:124,0
DA:125,0
DA:126,0
DA:127,0
DA:129,0
DA:132,0
DA:133,0
DA:135,0
DA:140,0
DA:144,0
DA:145,0
DA:146,0
DA:149,0
DA:152,0
DA:153,0
DA:160,0
DA:161,0
DA:162,0
DA:166,0
DA:169,0
DA:171,0
DA:172,0
DA:173,0
DA:175,0
DA:177,0
DA:181,0
DA:185,0
DA:186,0
DA:190,0
DA:192,0
DA:196,0
DA:197,0
DA:198,0
DA:199,0
DA:200,0
DA:201,0
DA:203,0
DA:208,0
DA:209,0
DA:210,0
DA:211,0
DA:212,0
DA:213,0
DA:214,0
DA:215,0
DA:216,0
DA:218,0
DA:222,0
DA:224,0
DA:225,0
DA:226,0
DA:227,0
DA:228,0
DA:229,0
DA:230,0
DA:231,0
DA:232,0
DA:233,0
DA:234,0
DA:235,0
DA:236,0
DA:237,0
DA:238,0
DA:239,0
DA:240,0
DA:241,0
DA:242,0
DA:243,0
DA:244,0
DA:246,0
DA:247,0
DA:248,0
DA:250,0
DA:254,0
DA:255,0
DA:256,0
DA:257,0
DA:258,0
DA:259,0
DA:260,0
DA:261,0
DA:263,0
DA:269,0
DA:276,0
DA:277,0
DA:284,0
DA:286,0
DA:288,0
DA:289,0
DA:291,0
DA:297,0
LF:123
LH:0
BRDA:50,0,0,0
BRDA:55,0,0,0
BRDA:61,0,0,0
BRDA:66,0,0,0
BRDA:73,0,0,0
BRDA:75,0,0,0
BRDA:78,0,0,0
BRDA:83,0,0,0
BRDA:85,0,0,0
BRDA:89,0,0,0
BRDA:103,0,0,0
BRDA:119,0,0,0
BRDA:132,0,0,0
BRDA:140,0,0,0
BRDA:145,0,0,0
BRDA:149,0,0,0
BRDA:155,0,0,0
BRDA:163,0,0,0
BRDA:166,0,0,0
BRDA:169,0,0,0
BRDA:174,0,0,0
BRDA:179,0,0,0
BRDA:185,0,0,0
BRDA:190,0,0,0
BRDA:191,0,0,0
BRDA:196,0,0,0
BRDA:198,0,0,0
BRDA:200,0,0,0
BRDA:202,0,0,0
BRDA:208,0,0,0
BRDA:209,0,0,0
BRDA:211,0,0,0
BRDA:213,0,0,0
BRDA:215,0,0,0
BRDA:217,0,0,0
BRDA:222,0,0,0
BRDA:224,0,0,0
BRDA:226,0,0,0
BRDA:228,0,0,0
BRDA:230,0,0,0
BRDA:232,0,0,0
BRDA:234,0,0,0
BRDA:236,0,0,0
BRDA:238,0,0,0
BRDA:240,0,0,0
BRDA:242,0,0,0
BRDA:244,0,0,0
BRDA:247,0,0,0
BRDA:249,0,0,0
BRDA:254,0,0,0
BRDA:257,0,0,0
BRDA:258,0,0,0
BRDA:260,0,0,0
BRDA:269,0,0,0
BRDA:276,0,0,0
BRDA:281,0,0,0
BRDA:284,0,0,0
BRDA:289,0,0,0
BRDA:291,0,0,0
BRDA:297,0,0,0
end_of_record
SF:/home/steen/Documents/Leiden/scriptie/BachelorDossier/lib/code_analyzer/trace.dart
FN:12,Trace.Trace
FN:30,Trace.copyWith
FNDA:5,Trace.Trace
FNDA:5,Trace.copyWith
FNF:2
FNH:2
DA:12,5
DA:18,5
DA:19,5
DA:30,5
DA:37,5
DA:38,5
DA:39,5
DA:40,5
DA:41,10
DA:42,5
LF:10
LH:10
BRDA:12,0,0,5
BRDA:30,0,0,5
end_of_record
SF:/home/steen/Documents/Leiden/scriptie/BachelorDossier/lib/code_analyzer/visitors/traces_visitor.dart
FN:10,TracesVisitor.visitMethodDeclaration
FNDA:5,TracesVisitor.visitMethodDeclaration
FNF:1
FNH:1
DA:10,5
DA:12,5
DA:13,5
DA:14,15
LF:4
LH:4
BRDA:10,0,0,5
end_of_record
SF:/home/steen/Documents/Leiden/scriptie/BachelorDossier/lib/code_analyzer/visitors/name_visitor.dart
FN:7,NameVisitor.visitClassDeclaration
FNDA:5,NameVisitor.visitClassDeclaration
FNF:1
FNH:1
DA:7,5
DA:9,5
DA:10,25
DA:11,0
DA:13,10
DA:14,0
DA:16,15
DA:17,35
LF:8
LH:6
BRDA:7,0,0,5
BRDA:10,0,0,0
BRDA:13,0,0,0
end_of_record
SF:/home/steen/Documents/Leiden/scriptie/BachelorDossier/lib/code_analyzer/visitors/states_visitor.dart
FN:8,StatesVisitor.visitMethodInvocation
FN:15,StatesVisitor.visitSuperConstructorInvocation
FNDA:5,StatesVisitor.visitMethodInvocation
FNDA:5,StatesVisitor.visitSuperConstructorInvocation
FNF:2
FNH:2
DA:8,5
DA:10,15
DA:11,10
DA:12,10
DA:15,5
DA:17,10
DA:18,0
DA:20,5
DA:21,30
LF:9
LH:8
BRDA:8,0,0,5
BRDA:10,0,0,5
BRDA:15,0,0,5
BRDA:17,0,0,0
end_of_record
SF:/home/steen/Documents/Leiden/scriptie/BachelorDossier/lib/code_analyzer/visitors/trace_strategies/emit_strategy.dart
FN:8,EmitStrategy.currentTrace
FN:10,EmitStrategy.EmitStrategy
FN:15,EmitStrategy.visitMethodInvocation
FNDA:10,EmitStrategy.currentTrace
FNDA:5,EmitStrategy.EmitStrategy
FNDA:5,EmitStrategy.visitMethodInvocation
FNF:3
FNH:3
DA:8,10
DA:10,5
DA:11,10
DA:15,5
DA:17,15
DA:18,5
DA:19,5
DA:21,10
LF:8
LH:8
BRDA:8,0,0,5
BRDA:10,0,0,5
BRDA:15,0,0,5
end_of_record
SF:/home/steen/Documents/Leiden/scriptie/BachelorDossier/lib/code_analyzer/visitors/trace_strategies/if_element_strategy.dart
FN:6,_IfType.toString
FN:9,IfElementStrategy.IfElementStrategy
FN:15,IfElementStrategy.currentTrace
FN:20,IfElementStrategy.visitIfElement
FN:56,IfElementStrategy.visitElseElement
FN:63,IfElementStrategy._buildIfNode
FN:76,IfElementStrategy._buildUnaryExpressionNode
FN:85,IfElementStrategy._buildBinaryExpressionNode
FN:93,IfElementStrategy._getIfType
FNDA:3,IfElementStrategy.IfElementStrategy
FNDA:6,IfElementStrategy.currentTrace
FNDA:3,IfElementStrategy.visitIfElement
FNDA:1,IfElementStrategy.visitElseElement
FNDA:3,IfElementStrategy._buildIfNode
FNDA:3,IfElementStrategy._buildUnaryExpressionNode
FNDA:1,IfElementStrategy._buildBinaryExpressionNode
FNDA:3,IfElementStrategy._getIfType
FNF:9
FNH:8
DA:9,3
DA:10,6
DA:15,6
DA:20,3
DA:22,6
DA:23,6
DA:25,6
DA:28,3
DA:29,3
DA:31,1
DA:32,4
DA:33,2
DA:36,2
DA:38,1
DA:39,1
DA:40,3
DA:41,1
DA:43,2
DA:45,2
DA:56,1
DA:57,2
DA:58,2
DA:59,2
DA:60,1
DA:63,3
DA:65,3
DA:66,1
DA:68,3
DA:69,2
DA:71,6
DA:76,3
DA:77,3
DA:78,6
DA:79,4
DA:80,6
DA:85,1
DA:86,3
DA:87,3
DA:88,3
DA:93,3
DA:96,2
LF:41
LH:41
BRDA:9,0,0,3
BRDA:15,0,0,3
BRDA:20,0,0,3
BRDA:28,0,0,3
BRDA:31,0,0,1
BRDA:36,0,0,1
BRDA:40,0,0,2
BRDA:42,0,0,1
BRDA:51,0,0,0
BRDA:56,0,0,1
BRDA:63,0,0,3
BRDA:65,0,0,1
BRDA:67,0,0,3
BRDA:68,0,0,1
BRDA:70,0,0,3
BRDA:76,0,0,3
BRDA:78,0,0,2
BRDA:85,0,0,1
BRDA:93,0,0,3
BRDA:94,0,0,3
BRDA:96,0,0,2
BRDA:98,0,0,0
end_of_record
SF:/home/steen/Documents/Leiden/scriptie/BachelorDossier/lib/code_analyzer/visitors/trace_strategies/method_declaration_strategy.dart
FN:16,MethodDeclarationStrategy._currentTrace
FN:22,MethodDeclarationStrategy.visitMethodDeclaration
FN:40,MethodDeclarationStrategy.visitSimpleFormalParameter
FN:57,MethodDeclarationStrategy.visitIfElement
FN:71,MethodDeclarationStrategy.visitSetOrMapLiteral
FN:85,MethodDeclarationStrategy.visitMethodInvocation
FN:103,MethodDeclarationStrategy.visitSwitchStatement
FNDA:5,MethodDeclarationStrategy._currentTrace
FNDA:5,MethodDeclarationStrategy.visitMethodDeclaration
FNDA:4,MethodDeclarationStrategy.visitSimpleFormalParameter
FNDA:3,MethodDeclarationStrategy.visitIfElement
FNDA:3,MethodDeclarationStrategy.visitSetOrMapLiteral
FNDA:5,MethodDeclarationStrategy.visitMethodInvocation
FNDA:1,MethodDeclarationStrategy.visitSwitchStatement
FNF:7
FNH:7
DA:16,5
DA:17,20
DA:22,5
DA:24,10
DA:26,5
DA:28,5
DA:29,5
DA:34,10
DA:36,5
DA:40,4
DA:42,4
DA:44,8
DA:46,12
DA:50,8
DA:52,12
DA:54,4
DA:57,3
DA:59,3
DA:62,9
DA:63,3
DA:64,9
DA:66,6
DA:68,3
DA:71,3
DA:73,3
DA:75,6
DA:76,9
DA:78,3
DA:79,1
DA:80,3
DA:82,3
DA:85,5
DA:87,5
DA:88,12
DA:89,8
DA:90,4
DA:92,12
DA:94,4
DA:96,8
DA:100,4
DA:103,1
DA:105,1
DA:107,2
DA:108,1
DA:109,3
DA:111,2
DA:112,2
DA:115,1
LF:48
LH:48
BRDA:16,0,0,5
BRDA:22,0,0,5
BRDA:40,0,0,4
BRDA:42,0,0,0
BRDA:46,0,0,0
BRDA:57,0,0,3
BRDA:71,0,0,3
BRDA:76,0,0,1
BRDA:85,0,0,5
BRDA:87,0,0,5
BRDA:88,0,0,4
BRDA:94,0,0,4
BRDA:103,0,0,1
BRDA:111,0,0,1
end_of_record
SF:/home/steen/Documents/Leiden/scriptie/BachelorDossier/lib/code_analyzer/visitors/trace_strategies/switch_strategy.dart
FN:12,SwitchStrategy.SwitchStrategy
FN:18,SwitchStrategy.visitSwitchCase
FN:66,SwitchStrategy.visitSwitchDefault
FN:97,SwitchStrategy.visitSwitchStatement
FN:111,SwitchStrategy.visitExpressionStatement
FNDA:1,SwitchStrategy.SwitchStrategy
FNDA:1,SwitchStrategy.visitSwitchCase
FNDA:1,SwitchStrategy.visitSwitchDefault
FNDA:1,SwitchStrategy.visitSwitchStatement
FNDA:1,SwitchStrategy.visitExpressionStatement
FNF:5
FNH:5
DA:12,1
DA:13,2
DA:18,1
DA:20,1
DA:23,4
DA:24,1
DA:25,0
DA:26,0
DA:28,0
DA:30,0
DA:31,0
DA:34,1
DA:35,0
DA:36,0
DA:37,0
DA:38,0
DA:40,1
DA:42,1
DA:43,1
DA:44,1
DA:45,3
DA:46,2
DA:49,0
DA:54,1
DA:55,3
DA:57,1
DA:58,2
DA:59,2
DA:60,2
DA:62,2
DA:66,1
DA:69,1
DA:71,2
DA:72,4
DA:73,2
DA:74,3
DA:75,2
DA:76,2
DA:77,2
DA:82,4
DA:83,1
DA:86,1
DA:88,2
DA:89,2
DA:93,2
DA:97,1
DA:99,3
DA:101,2
DA:102,1
DA:103,4
DA:104,1
DA:105,1
DA:106,1
DA:111,1
DA:114,2
DA:115,1
DA:116,3
DA:117,2
DA:118,1
DA:120,2
DA:122,2
LF:61
LH:51
BRDA:12,0,0,1
BRDA:18,0,0,1
BRDA:24,0,0,0
BRDA:27,0,0,0
BRDA:29,0,0,0
BRDA:34,0,0,0
BRDA:40,0,0,1
BRDA:48,0,0,0
BRDA:57,0,0,1
BRDA:66,0,0,1
BRDA:71,0,0,1
BRDA:74,0,0,1
BRDA:82,0,0,1
BRDA:86,0,0,1
BRDA:97,0,0,1
BRDA:101,0,0,1
BRDA:103,0,0,1
BRDA:105,0,0,2
BRDA:111,0,0,1
BRDA:114,0,0,1
BRDA:116,0,0,1
BRDA:122,0,0,2
end_of_record
SF:/home/steen/Documents/Leiden/scriptie/BachelorDossier/lib/file_generator/file_generator_helpers.dart
FN:5,FileGeneratorHelperFunctions.formatFile
FN:10,FileGeneratorHelperFunctions.formatFiles
FNF:2
FNH:0
DA:5,0
DA:6,0
DA:10,0
DA:11,0
DA:12,0
LF:5
LH:0
BRDA:5,0,0,0
BRDA:10,0,0,0
BRDA:11,0,0,0
end_of_record
SF:/home/steen/Documents/Leiden/scriptie/BachelorDossier/lib/file_generator/templates/cubit_test_template.dart
FN:8,cubitTestTemplate
FN:40,_imports
FN:45,_pascalCase
FN:48,_camelCase
FN:51,_tests
FN:54,_test
FN:76,_states
FN:81,_actions
FN:98,_callCubitFunction
FN:123,_errors
FNF:10
FNH:0
DA:8,0
DA:10,0
DA:12,0
DA:18,0
DA:22,0
DA:26,0
DA:27,0
DA:30,0
DA:33,0
DA:37,0
DA:40,0
DA:42,0
DA:45,0
DA:46,0
DA:48,0
DA:49,0
DA:51,0
DA:52,0
DA:54,0
DA:55,0
DA:56,0
DA:59,0
DA:60,0
DA:61,0
DA:62,0
DA:63,0
DA:64,0
DA:66,0
DA:76,0
DA:77,0
DA:78,0
DA:79,0
DA:81,0
DA:82,0
DA:83,0
DA:84,0
DA:85,0
DA:87,0
DA:98,0
DA:100,0
DA:104,0
DA:106,0
DA:109,0
DA:113,0
DA:119,0
DA:123,0
DA:125,0
DA:126,0
DA:127,0
DA:128,0
DA:131,0
LF:51
LH:0
BRDA:8,0,0,0
BRDA:40,0,0,0
BRDA:45,0,0,0
BRDA:48,0,0,0
BRDA:51,0,0,0
BRDA:52,0,0,0
BRDA:54,0,0,0
BRDA:55,0,0,0
BRDA:76,0,0,0
BRDA:77,0,0,0
BRDA:78,0,0,0
BRDA:81,0,0,0
BRDA:83,0,0,0
BRDA:98,0,0,0
BRDA:104,0,0,0
BRDA:107,0,0,0
BRDA:113,0,0,0
BRDA:123,0,0,0
BRDA:126,0,0,0
BRDA:127,0,0,0
end_of_record
